<?xml version="1.0" encoding="UTF-8"?>
<testsuite xmlns:xsi="http://www.w3.org/2001/XMLSchema-instance" xsi:noNamespaceSchemaLocation="https://maven.apache.org/surefire/maven-surefire-plugin/xsd/surefire-test-report-3.0.xsd" version="3.0" name="com.Automation.testCases.tests.GetBookingTests" time="14.688" tests="8" errors="0" skipped="0" failures="0">
  <properties>
    <property name="java.specification.version" value="20"/>
    <property name="sun.jnu.encoding" value="UTF-8"/>
    <property name="java.class.path" value="/Users/Munish.Thakur/IdeaProjects/HotelBooking/target/test-classes:/Users/Munish.Thakur/IdeaProjects/HotelBooking/target/classes:/Users/Munish.Thakur/.m2/repository/org/slf4j/slf4j-simple/2.0.7/slf4j-simple-2.0.7.jar:/Users/Munish.Thakur/.m2/repository/org/slf4j/slf4j-api/2.0.7/slf4j-api-2.0.7.jar:/Users/Munish.Thakur/.m2/repository/com/fasterxml/jackson/dataformat/jackson-dataformat-yaml/2.15.2/jackson-dataformat-yaml-2.15.2.jar:/Users/Munish.Thakur/.m2/repository/org/yaml/snakeyaml/2.0/snakeyaml-2.0.jar:/Users/Munish.Thakur/.m2/repository/com/fasterxml/jackson/core/jackson-core/2.15.2/jackson-core-2.15.2.jar:/Users/Munish.Thakur/.m2/repository/com/fasterxml/jackson/core/jackson-databind/2.15.2/jackson-databind-2.15.2.jar:/Users/Munish.Thakur/.m2/repository/com/fasterxml/jackson/core/jackson-annotations/2.15.2/jackson-annotations-2.15.2.jar:/Users/Munish.Thakur/.m2/repository/io/rest-assured/rest-assured/4.4.0/rest-assured-4.4.0.jar:/Users/Munish.Thakur/.m2/repository/org/codehaus/groovy/groovy/3.0.8/groovy-3.0.8.jar:/Users/Munish.Thakur/.m2/repository/org/codehaus/groovy/groovy-xml/3.0.8/groovy-xml-3.0.8.jar:/Users/Munish.Thakur/.m2/repository/org/apache/httpcomponents/httpclient/4.5.13/httpclient-4.5.13.jar:/Users/Munish.Thakur/.m2/repository/org/apache/httpcomponents/httpcore/4.4.13/httpcore-4.4.13.jar:/Users/Munish.Thakur/.m2/repository/commons-logging/commons-logging/1.2/commons-logging-1.2.jar:/Users/Munish.Thakur/.m2/repository/commons-codec/commons-codec/1.11/commons-codec-1.11.jar:/Users/Munish.Thakur/.m2/repository/org/apache/httpcomponents/httpmime/4.5.13/httpmime-4.5.13.jar:/Users/Munish.Thakur/.m2/repository/org/hamcrest/hamcrest/2.1/hamcrest-2.1.jar:/Users/Munish.Thakur/.m2/repository/org/ccil/cowan/tagsoup/tagsoup/1.2.1/tagsoup-1.2.1.jar:/Users/Munish.Thakur/.m2/repository/io/rest-assured/json-path/4.4.0/json-path-4.4.0.jar:/Users/Munish.Thakur/.m2/repository/org/codehaus/groovy/groovy-json/3.0.8/groovy-json-3.0.8.jar:/Users/Munish.Thakur/.m2/repository/io/rest-assured/rest-assured-common/4.4.0/rest-assured-common-4.4.0.jar:/Users/Munish.Thakur/.m2/repository/io/rest-assured/xml-path/4.4.0/xml-path-4.4.0.jar:/Users/Munish.Thakur/.m2/repository/org/apache/commons/commons-lang3/3.11/commons-lang3-3.11.jar:/Users/Munish.Thakur/.m2/repository/jakarta/xml/bind/jakarta.xml.bind-api/2.3.3/jakarta.xml.bind-api-2.3.3.jar:/Users/Munish.Thakur/.m2/repository/jakarta/activation/jakarta.activation-api/1.2.2/jakarta.activation-api-1.2.2.jar:/Users/Munish.Thakur/.m2/repository/com/sun/xml/bind/jaxb-impl/2.3.3/jaxb-impl-2.3.3.jar:/Users/Munish.Thakur/.m2/repository/junit/junit/4.13.2/junit-4.13.2.jar:/Users/Munish.Thakur/.m2/repository/org/hamcrest/hamcrest-core/1.3/hamcrest-core-1.3.jar:/Users/Munish.Thakur/.m2/repository/com/tngtech/java/junit-dataprovider/1.11.0/junit-dataprovider-1.11.0.jar:/Users/Munish.Thakur/.m2/repository/org/junit/jupiter/junit-jupiter-api/5.9.3/junit-jupiter-api-5.9.3.jar:/Users/Munish.Thakur/.m2/repository/org/opentest4j/opentest4j/1.2.0/opentest4j-1.2.0.jar:/Users/Munish.Thakur/.m2/repository/org/junit/platform/junit-platform-commons/1.9.3/junit-platform-commons-1.9.3.jar:/Users/Munish.Thakur/.m2/repository/org/apiguardian/apiguardian-api/1.1.2/apiguardian-api-1.1.2.jar:"/>
    <property name="java.vm.vendor" value="Homebrew"/>
    <property name="sun.arch.data.model" value="64"/>
    <property name="java.vendor.url" value="https://github.com/Homebrew/homebrew-core/issues"/>
    <property name="user.timezone" value="Europe/Amsterdam"/>
    <property name="os.name" value="Mac OS X"/>
    <property name="java.vm.specification.version" value="20"/>
    <property name="sun.java.launcher" value="SUN_STANDARD"/>
    <property name="user.country" value="NL"/>
    <property name="sun.boot.library.path" value="/opt/homebrew/Cellar/openjdk/20.0.1/libexec/openjdk.jdk/Contents/Home/lib"/>
    <property name="sun.java.command" value="/Users/Munish.Thakur/IdeaProjects/HotelBooking/target/surefire/surefirebooter-20230711120532040_3.jar /Users/Munish.Thakur/IdeaProjects/HotelBooking/target/surefire 2023-07-11T12-05-31_983-jvmRun1 surefire-20230711120532040_1tmp surefire_0-20230711120532040_2tmp"/>
    <property name="http.nonProxyHosts" value="local|*.local|169.254/16|*.169.254/16"/>
    <property name="jdk.debug" value="release"/>
    <property name="surefire.test.class.path" value="/Users/Munish.Thakur/IdeaProjects/HotelBooking/target/test-classes:/Users/Munish.Thakur/IdeaProjects/HotelBooking/target/classes:/Users/Munish.Thakur/.m2/repository/org/slf4j/slf4j-simple/2.0.7/slf4j-simple-2.0.7.jar:/Users/Munish.Thakur/.m2/repository/org/slf4j/slf4j-api/2.0.7/slf4j-api-2.0.7.jar:/Users/Munish.Thakur/.m2/repository/com/fasterxml/jackson/dataformat/jackson-dataformat-yaml/2.15.2/jackson-dataformat-yaml-2.15.2.jar:/Users/Munish.Thakur/.m2/repository/org/yaml/snakeyaml/2.0/snakeyaml-2.0.jar:/Users/Munish.Thakur/.m2/repository/com/fasterxml/jackson/core/jackson-core/2.15.2/jackson-core-2.15.2.jar:/Users/Munish.Thakur/.m2/repository/com/fasterxml/jackson/core/jackson-databind/2.15.2/jackson-databind-2.15.2.jar:/Users/Munish.Thakur/.m2/repository/com/fasterxml/jackson/core/jackson-annotations/2.15.2/jackson-annotations-2.15.2.jar:/Users/Munish.Thakur/.m2/repository/io/rest-assured/rest-assured/4.4.0/rest-assured-4.4.0.jar:/Users/Munish.Thakur/.m2/repository/org/codehaus/groovy/groovy/3.0.8/groovy-3.0.8.jar:/Users/Munish.Thakur/.m2/repository/org/codehaus/groovy/groovy-xml/3.0.8/groovy-xml-3.0.8.jar:/Users/Munish.Thakur/.m2/repository/org/apache/httpcomponents/httpclient/4.5.13/httpclient-4.5.13.jar:/Users/Munish.Thakur/.m2/repository/org/apache/httpcomponents/httpcore/4.4.13/httpcore-4.4.13.jar:/Users/Munish.Thakur/.m2/repository/commons-logging/commons-logging/1.2/commons-logging-1.2.jar:/Users/Munish.Thakur/.m2/repository/commons-codec/commons-codec/1.11/commons-codec-1.11.jar:/Users/Munish.Thakur/.m2/repository/org/apache/httpcomponents/httpmime/4.5.13/httpmime-4.5.13.jar:/Users/Munish.Thakur/.m2/repository/org/hamcrest/hamcrest/2.1/hamcrest-2.1.jar:/Users/Munish.Thakur/.m2/repository/org/ccil/cowan/tagsoup/tagsoup/1.2.1/tagsoup-1.2.1.jar:/Users/Munish.Thakur/.m2/repository/io/rest-assured/json-path/4.4.0/json-path-4.4.0.jar:/Users/Munish.Thakur/.m2/repository/org/codehaus/groovy/groovy-json/3.0.8/groovy-json-3.0.8.jar:/Users/Munish.Thakur/.m2/repository/io/rest-assured/rest-assured-common/4.4.0/rest-assured-common-4.4.0.jar:/Users/Munish.Thakur/.m2/repository/io/rest-assured/xml-path/4.4.0/xml-path-4.4.0.jar:/Users/Munish.Thakur/.m2/repository/org/apache/commons/commons-lang3/3.11/commons-lang3-3.11.jar:/Users/Munish.Thakur/.m2/repository/jakarta/xml/bind/jakarta.xml.bind-api/2.3.3/jakarta.xml.bind-api-2.3.3.jar:/Users/Munish.Thakur/.m2/repository/jakarta/activation/jakarta.activation-api/1.2.2/jakarta.activation-api-1.2.2.jar:/Users/Munish.Thakur/.m2/repository/com/sun/xml/bind/jaxb-impl/2.3.3/jaxb-impl-2.3.3.jar:/Users/Munish.Thakur/.m2/repository/junit/junit/4.13.2/junit-4.13.2.jar:/Users/Munish.Thakur/.m2/repository/org/hamcrest/hamcrest-core/1.3/hamcrest-core-1.3.jar:/Users/Munish.Thakur/.m2/repository/com/tngtech/java/junit-dataprovider/1.11.0/junit-dataprovider-1.11.0.jar:/Users/Munish.Thakur/.m2/repository/org/junit/jupiter/junit-jupiter-api/5.9.3/junit-jupiter-api-5.9.3.jar:/Users/Munish.Thakur/.m2/repository/org/opentest4j/opentest4j/1.2.0/opentest4j-1.2.0.jar:/Users/Munish.Thakur/.m2/repository/org/junit/platform/junit-platform-commons/1.9.3/junit-platform-commons-1.9.3.jar:/Users/Munish.Thakur/.m2/repository/org/apiguardian/apiguardian-api/1.1.2/apiguardian-api-1.1.2.jar:"/>
    <property name="sun.cpu.endian" value="little"/>
    <property name="user.home" value="/Users/Munish.Thakur"/>
    <property name="user.language" value="en"/>
    <property name="java.specification.vendor" value="Oracle Corporation"/>
    <property name="java.version.date" value="2023-04-18"/>
    <property name="java.home" value="/opt/homebrew/Cellar/openjdk/20.0.1/libexec/openjdk.jdk/Contents/Home"/>
    <property name="file.separator" value="/"/>
    <property name="basedir" value="/Users/Munish.Thakur/IdeaProjects/HotelBooking"/>
    <property name="java.vm.compressedOopsMode" value="Zero based"/>
    <property name="line.separator" value="&#10;"/>
    <property name="java.vm.specification.vendor" value="Oracle Corporation"/>
    <property name="java.specification.name" value="Java Platform API Specification"/>
    <property name="apple.awt.application.name" value="ForkedBooter"/>
    <property name="surefire.real.class.path" value="/Users/Munish.Thakur/IdeaProjects/HotelBooking/target/surefire/surefirebooter-20230711120532040_3.jar"/>
    <property name="sun.management.compiler" value="HotSpot 64-Bit Tiered Compilers"/>
    <property name="ftp.nonProxyHosts" value="local|*.local|169.254/16|*.169.254/16"/>
    <property name="java.runtime.version" value="20.0.1"/>
    <property name="user.name" value="Munish.Thakur"/>
    <property name="stdout.encoding" value="US-ASCII"/>
    <property name="path.separator" value=":"/>
    <property name="os.version" value="13.4.1"/>
    <property name="java.runtime.name" value="OpenJDK Runtime Environment"/>
    <property name="file.encoding" value="UTF-8"/>
    <property name="java.vm.name" value="OpenJDK 64-Bit Server VM"/>
    <property name="java.vendor.version" value="Homebrew"/>
    <property name="localRepository" value="/Users/Munish.Thakur/.m2/repository"/>
    <property name="java.vendor.url.bug" value="https://github.com/Homebrew/homebrew-core/issues"/>
    <property name="java.io.tmpdir" value="/var/folders/w1/nw2t6fm91wz_5qcd2hf215zm0000gp/T/"/>
    <property name="java.version" value="20.0.1"/>
    <property name="user.dir" value="/Users/Munish.Thakur/IdeaProjects/HotelBooking"/>
    <property name="os.arch" value="aarch64"/>
    <property name="java.vm.specification.name" value="Java Virtual Machine Specification"/>
    <property name="native.encoding" value="US-ASCII"/>
    <property name="java.library.path" value="/Users/Munish.Thakur/Library/Java/Extensions:/Library/Java/Extensions:/Network/Library/Java/Extensions:/System/Library/Java/Extensions:/usr/lib/java:."/>
    <property name="java.vm.info" value="mixed mode, sharing"/>
    <property name="stderr.encoding" value="US-ASCII"/>
    <property name="java.vendor" value="Homebrew"/>
    <property name="java.vm.version" value="20.0.1"/>
    <property name="sun.io.unicode.encoding" value="UnicodeBig"/>
    <property name="socksNonProxyHosts" value="local|*.local|169.254/16|*.169.254/16"/>
    <property name="java.class.version" value="64.0"/>
  </properties>
  <testcase name="getBookingDetailsWithoutFilter" classname="com.Automation.testCases.tests.GetBookingTests" time="1.807">
    <system-out><![CDATA[Request method:	GET
Request URI:	https://restful-booker.herokuapp.com/booking
Proxy:			<none>
Request params:	<none>
Query params:	<none>
Form params:	<none>
Path params:	<none>
Headers:		accept=application/json
				Content-Type=application/json
Cookies:		<none>
Multiparts:		<none>
Body:			<none>
]]></system-out>
    <system-err><![CDATA[[main] INFO com.Automation.base.BaseClassProvider - LOADING DATA FROM YAML FILE
[main] INFO com.Automation.base.BaseClassProvider - src/test/resources/tests_data/CreateBookingCreationData.yaml
[main] INFO com.Automation.base.BaseClassProvider - LOADING DATA FROM YAML FILE
[main] INFO com.Automation.base.BaseClassProvider - src/test/resources/tests_data/CreateBookingCreationData.yaml
[main] INFO com.Automation.base.BaseClassProvider - LOADING DATA FROM YAML FILE
[main] INFO com.Automation.base.BaseClassProvider - src/test/resources/tests_data/PartialUpdateBookingCreationData.yaml
[main] INFO com.Automation.base.BaseClassProvider - LOADING DATA FROM YAML FILE
[main] INFO com.Automation.base.BaseClassProvider - src/test/resources/tests_data/PartialUpdateBookingCreationData.yaml
[main] INFO com.Automation.base.BaseClassProvider - LOADING DATA FROM YAML FILE
[main] INFO com.Automation.base.BaseClassProvider - src/test/resources/tests_data/CreateBookingCreationData.yaml
[main] INFO com.Automation.base.BaseClassProvider - LOADING DATA FROM YAML FILE
[main] INFO com.Automation.base.BaseClassProvider - src/test/resources/tests_data/CreateBookingCreationData.yaml
[main] INFO com.Automation.base.BaseClassProvider - LOADING DATA FROM YAML FILE
[main] INFO com.Automation.base.BaseClassProvider - src/test/resources/tests_data/CreateBookingCreationData.yaml
[main] INFO com.Automation.base.BaseClassProvider - LOADING DATA FROM YAML FILE
[main] INFO com.Automation.base.BaseClassProvider - src/test/resources/tests_data/CreateBookingCreationData.yaml
[main] INFO com.Automation.base.BaseClassProvider - LOADING DATA FROM YAML FILE
[main] INFO com.Automation.base.BaseClassProvider - src/test/resources/tests_data/CreateBookingCreationData.yaml
[main] INFO com.Automation.base.BaseClassProvider - LOADING DATA FROM YAML FILE
[main] INFO com.Automation.base.BaseClassProvider - src/test/resources/tests_data/CreateBookingCreationData.yaml
[main] INFO com.Automation.base.BaseClassProvider - LOADING DATA FROM YAML FILE
[main] INFO com.Automation.base.BaseClassProvider - src/test/resources/tests_data/CreateBookingCreationData.yaml
[main] INFO com.Automation.base.BaseClassProvider - LOADING DATA FROM YAML FILE
[main] INFO com.Automation.base.BaseClassProvider - src/test/resources/tests_data/PartialUpdateBookingCreationData.yaml
[main] INFO com.Automation.base.BaseClassProvider - LOADING DATA FROM YAML FILE
[main] INFO com.Automation.base.BaseClassProvider - src/test/resources/tests_data/PartialUpdateBookingCreationData.yaml
[main] INFO com.Automation.base.BaseClassProvider - LOADING DATA FROM YAML FILE
[main] INFO com.Automation.base.BaseClassProvider - src/test/resources/tests_data/CreateBookingCreationData.yaml
[main] INFO com.Automation.base.BaseClassProvider - LOADING DATA FROM YAML FILE
[main] INFO com.Automation.base.BaseClassProvider - src/test/resources/tests_data/CreateBookingCreationData.yaml
[main] INFO com.Automation.base.BaseClassProvider - LOADING DATA FROM YAML FILE
[main] INFO com.Automation.base.BaseClassProvider - src/test/resources/tests_data/CreateBookingCreationData.yaml
[main] INFO com.Automation.base.BaseClassProvider - LOADING DATA FROM YAML FILE
[main] INFO com.Automation.base.BaseClassProvider - src/test/resources/tests_data/CreateBookingCreationData.yaml
[main] INFO com.Automation.base.BaseClassProvider - LOADING DATA FROM YAML FILE
[main] INFO com.Automation.base.BaseClassProvider - src/test/resources/tests_data/CreateBookingCreationData.yaml
[main] INFO com.Automation.testCases.tests.GetBookingTests - ASSERTING THE API RESPONSE
]]></system-err>
  </testcase>
  <testcase name="checkingOtherHeaderTypes[0: com.Automation.model.CreateBookingRequest@29d80d2b]" classname="com.Automation.testCases.tests.GetBookingTests" time="3.576">
    <system-out><![CDATA[Request method:	POST
Request URI:	https://restful-booker.herokuapp.com/booking
Proxy:			<none>
Request params:	<none>
Query params:	<none>
Form params:	<none>
Path params:	<none>
Headers:		accept=application/json
				Content-Type=application/json
Cookies:		<none>
Multiparts:		<none>
Body:
{
    "firstname": "Peter",
    "bookingdates": {
        "checkin": "2015-01-01",
        "checkout": "2019-01-01"
    },
    "lastname": "Jenson",
    "totalprice": 150,
    "depositpaid": true,
    "additionalneeds": "Breakfast"
}
Request method:	GET
Request URI:	https://restful-booker.herokuapp.com/booking/6720
Proxy:			<none>
Request params:	<none>
Query params:	<none>
Form params:	<none>
Path params:	<none>
Headers:		accept=application/javascript
				Content-Type=application/json
Cookies:		<none>
Multiparts:		<none>
Body:			<none>
]]></system-out>
    <system-err><![CDATA[[main] INFO com.Automation.testCases.tests.GetBookingTests - ASSERTING THE API RESPONSE
]]></system-err>
  </testcase>
  <testcase name="checkingOtherHeaderTypes[1: com.Automation.model.CreateBookingRequest@58e1d9d]" classname="com.Automation.testCases.tests.GetBookingTests" time="1.405">
    <system-out><![CDATA[Request method:	POST
Request URI:	https://restful-booker.herokuapp.com/booking
Proxy:			<none>
Request params:	<none>
Query params:	<none>
Form params:	<none>
Path params:	<none>
Headers:		accept=application/json
				Content-Type=application/json
Cookies:		<none>
Multiparts:		<none>
Body:
{
    "firstname": "Peter",
    "bookingdates": {
        "checkin": "2018-01-01",
        "checkout": "2021-01-01"
    },
    "lastname": "Jenson",
    "totalprice": 1000,
    "depositpaid": true,
    "additionalneeds": "Breakfast"
}
Request method:	GET
Request URI:	https://restful-booker.herokuapp.com/booking/6753
Proxy:			<none>
Request params:	<none>
Query params:	<none>
Form params:	<none>
Path params:	<none>
Headers:		accept=application/javascript
				Content-Type=application/json
Cookies:		<none>
Multiparts:		<none>
Body:			<none>
]]></system-out>
    <system-err><![CDATA[[main] INFO com.Automation.testCases.tests.GetBookingTests - ASSERTING THE API RESPONSE
]]></system-err>
  </testcase>
  <testcase name="checkingOtherHeaderTypes[2: com.Automation.model.CreateBookingRequest@446a1e84]" classname="com.Automation.testCases.tests.GetBookingTests" time="1.479">
    <system-out><![CDATA[Request method:	POST
Request URI:	https://restful-booker.herokuapp.com/booking
Proxy:			<none>
Request params:	<none>
Query params:	<none>
Form params:	<none>
Path params:	<none>
Headers:		accept=application/json
				Content-Type=application/json
Cookies:		<none>
Multiparts:		<none>
Body:
{
    "firstname": "Peter",
    "bookingdates": {
        "checkin": "2018-01-01",
        "checkout": "2023-01-01"
    },
    "lastname": "Jenson",
    "totalprice": 1,
    "depositpaid": false,
    "additionalneeds": "Breakfast"
}
Request method:	GET
Request URI:	https://restful-booker.herokuapp.com/booking/6766
Proxy:			<none>
Request params:	<none>
Query params:	<none>
Form params:	<none>
Path params:	<none>
Headers:		accept=application/javascript
				Content-Type=application/json
Cookies:		<none>
Multiparts:		<none>
Body:			<none>
]]></system-out>
    <system-err><![CDATA[[main] INFO com.Automation.testCases.tests.GetBookingTests - ASSERTING THE API RESPONSE
]]></system-err>
  </testcase>
  <testcase name="getBookingDetailsWithFirstNameAndLastName" classname="com.Automation.testCases.tests.GetBookingTests" time="0.91">
    <system-out><![CDATA[Request method:	GET
Request URI:	https://restful-booker.herokuapp.com/booking?firstname=Josh&lastname=Allen
Proxy:			<none>
Request params:	<none>
Query params:	firstname=Josh
				lastname=Allen
Form params:	<none>
Path params:	<none>
Headers:		accept=application/json
				Content-Type=application/json
Cookies:		<none>
Multiparts:		<none>
Body:			<none>
]]></system-out>
    <system-err><![CDATA[[main] INFO com.Automation.testCases.tests.GetBookingTests - ASSERTING THE API RESPONSE
]]></system-err>
  </testcase>
  <testcase name="getBookingDetailsWithParameter[0: com.Automation.model.CreateBookingRequest@4f0f2942]" classname="com.Automation.testCases.tests.GetBookingTests" time="1.476">
    <system-out><![CDATA[Request method:	POST
Request URI:	https://restful-booker.herokuapp.com/booking
Proxy:			<none>
Request params:	<none>
Query params:	<none>
Form params:	<none>
Path params:	<none>
Headers:		accept=application/json
				Content-Type=application/json
Cookies:		<none>
Multiparts:		<none>
Body:
{
    "firstname": "Peter",
    "bookingdates": {
        "checkin": "2015-01-01",
        "checkout": "2019-01-01"
    },
    "lastname": "Jenson",
    "totalprice": 150,
    "depositpaid": true,
    "additionalneeds": "Breakfast"
}
Request method:	GET
Request URI:	https://restful-booker.herokuapp.com/booking/6783
Proxy:			<none>
Request params:	<none>
Query params:	<none>
Form params:	<none>
Path params:	<none>
Headers:		accept=application/json
				Content-Type=application/json
Cookies:		<none>
Multiparts:		<none>
Body:			<none>
]]></system-out>
    <system-err><![CDATA[[main] INFO com.Automation.testCases.tests.GetBookingTests - ASSERTING THE API RESPONSE
]]></system-err>
  </testcase>
  <testcase name="getBookingDetailsWithParameter[1: com.Automation.model.CreateBookingRequest@2657d4dd]" classname="com.Automation.testCases.tests.GetBookingTests" time="1.61">
    <system-out><![CDATA[Request method:	POST
Request URI:	https://restful-booker.herokuapp.com/booking
Proxy:			<none>
Request params:	<none>
Query params:	<none>
Form params:	<none>
Path params:	<none>
Headers:		accept=application/json
				Content-Type=application/json
Cookies:		<none>
Multiparts:		<none>
Body:
{
    "firstname": "Peter",
    "bookingdates": {
        "checkin": "2018-01-01",
        "checkout": "2021-01-01"
    },
    "lastname": "Jenson",
    "totalprice": 1000,
    "depositpaid": true,
    "additionalneeds": "Breakfast"
}
Request method:	GET
Request URI:	https://restful-booker.herokuapp.com/booking/6799
Proxy:			<none>
Request params:	<none>
Query params:	<none>
Form params:	<none>
Path params:	<none>
Headers:		accept=application/json
				Content-Type=application/json
Cookies:		<none>
Multiparts:		<none>
Body:			<none>
]]></system-out>
    <system-err><![CDATA[[main] INFO com.Automation.testCases.tests.GetBookingTests - ASSERTING THE API RESPONSE
]]></system-err>
  </testcase>
  <testcase name="getBookingDetailsWithParameter[2: com.Automation.model.CreateBookingRequest@5340477f]" classname="com.Automation.testCases.tests.GetBookingTests" time="2.414">
    <system-out><![CDATA[Request method:	POST
Request URI:	https://restful-booker.herokuapp.com/booking
Proxy:			<none>
Request params:	<none>
Query params:	<none>
Form params:	<none>
Path params:	<none>
Headers:		accept=application/json
				Content-Type=application/json
Cookies:		<none>
Multiparts:		<none>
Body:
{
    "firstname": "Peter",
    "bookingdates": {
        "checkin": "2018-01-01",
        "checkout": "2023-01-01"
    },
    "lastname": "Jenson",
    "totalprice": 1,
    "depositpaid": false,
    "additionalneeds": "Breakfast"
}
Request method:	GET
Request URI:	https://restful-booker.herokuapp.com/booking/6817
Proxy:			<none>
Request params:	<none>
Query params:	<none>
Form params:	<none>
Path params:	<none>
Headers:		accept=application/json
				Content-Type=application/json
Cookies:		<none>
Multiparts:		<none>
Body:			<none>
]]></system-out>
    <system-err><![CDATA[[main] INFO com.Automation.testCases.tests.GetBookingTests - ASSERTING THE API RESPONSE
]]></system-err>
  </testcase>
</testsuite>